2018-07-13T17:11:08.122-0400 I CONTROL  [initandlisten] MongoDB starting : pid=14902 port=27019 dbpath=/home/nascherman/data/rs3 64-bit host=nascherman-UX305CA
2018-07-13T17:11:08.122-0400 I CONTROL  [initandlisten] db version v3.6.5
2018-07-13T17:11:08.122-0400 I CONTROL  [initandlisten] git version: a20ecd3e3a174162052ff99913bc2ca9a839d618
2018-07-13T17:11:08.122-0400 I CONTROL  [initandlisten] OpenSSL version: OpenSSL 1.0.2g  1 Mar 2016
2018-07-13T17:11:08.122-0400 I CONTROL  [initandlisten] allocator: tcmalloc
2018-07-13T17:11:08.122-0400 I CONTROL  [initandlisten] modules: none
2018-07-13T17:11:08.122-0400 I CONTROL  [initandlisten] build environment:
2018-07-13T17:11:08.122-0400 I CONTROL  [initandlisten]     distmod: ubuntu1604
2018-07-13T17:11:08.122-0400 I CONTROL  [initandlisten]     distarch: x86_64
2018-07-13T17:11:08.122-0400 I CONTROL  [initandlisten]     target_arch: x86_64
2018-07-13T17:11:08.122-0400 I CONTROL  [initandlisten] options: { net: { port: 27019 }, processManagement: { fork: true }, replication: { oplogSizeMB: 64, replSet: "m101" }, storage: { dbPath: "/home/nascherman/data/rs3", mmapv1: { smallFiles: true } }, systemLog: { destination: "file", path: "3.log" } }
2018-07-13T17:11:08.122-0400 W -        [initandlisten] Detected unclean shutdown - /home/nascherman/data/rs3/mongod.lock is not empty.
2018-07-13T17:11:08.123-0400 I -        [initandlisten] Detected data files in /home/nascherman/data/rs3 created by the 'wiredTiger' storage engine, so setting the active storage engine to 'wiredTiger'.
2018-07-13T17:11:08.123-0400 W STORAGE  [initandlisten] Recovering data from the last clean checkpoint.
2018-07-13T17:11:08.123-0400 I STORAGE  [initandlisten] 
2018-07-13T17:11:08.123-0400 I STORAGE  [initandlisten] ** WARNING: Using the XFS filesystem is strongly recommended with the WiredTiger storage engine
2018-07-13T17:11:08.123-0400 I STORAGE  [initandlisten] **          See http://dochub.mongodb.org/core/prodnotes-filesystem
2018-07-13T17:11:08.123-0400 I STORAGE  [initandlisten] wiredtiger_open config: create,cache_size=3314M,session_max=20000,eviction=(threads_min=4,threads_max=4),config_base=false,statistics=(fast),cache_cursors=false,log=(enabled=true,archive=true,path=journal,compressor=snappy),file_manager=(close_idle_time=100000),statistics_log=(wait=0),verbose=(recovery_progress),
2018-07-13T17:11:09.419-0400 I STORAGE  [initandlisten] WiredTiger message [1531516269:419087][14902:0x7f3248d809c0], txn-recover: Main recovery loop: starting at 2/4608
2018-07-13T17:11:09.419-0400 I STORAGE  [initandlisten] WiredTiger message [1531516269:419583][14902:0x7f3248d809c0], txn-recover: Recovering log 2 through 3
2018-07-13T17:11:09.545-0400 I STORAGE  [initandlisten] WiredTiger message [1531516269:545426][14902:0x7f3248d809c0], txn-recover: Recovering log 3 through 3
2018-07-13T17:11:09.628-0400 I STORAGE  [initandlisten] WiredTiger message [1531516269:628613][14902:0x7f3248d809c0], txn-recover: Set global recovery timestamp: 0
2018-07-13T17:11:10.020-0400 W STORAGE  [initandlisten] Detected configuration for non-active storage engine mmapv1 when current storage engine is wiredTiger
2018-07-13T17:11:10.020-0400 I CONTROL  [initandlisten] 
2018-07-13T17:11:10.020-0400 I CONTROL  [initandlisten] ** WARNING: Access control is not enabled for the database.
2018-07-13T17:11:10.020-0400 I CONTROL  [initandlisten] **          Read and write access to data and configuration is unrestricted.
2018-07-13T17:11:10.020-0400 I CONTROL  [initandlisten] 
2018-07-13T17:11:10.020-0400 I CONTROL  [initandlisten] ** WARNING: This server is bound to localhost.
2018-07-13T17:11:10.020-0400 I CONTROL  [initandlisten] **          Remote systems will be unable to connect to this server. 
2018-07-13T17:11:10.020-0400 I CONTROL  [initandlisten] **          Start the server with --bind_ip <address> to specify which IP 
2018-07-13T17:11:10.020-0400 I CONTROL  [initandlisten] **          addresses it should serve responses from, or with --bind_ip_all to
2018-07-13T17:11:10.021-0400 I CONTROL  [initandlisten] **          bind to all interfaces. If this behavior is desired, start the
2018-07-13T17:11:10.021-0400 I CONTROL  [initandlisten] **          server with --bind_ip 127.0.0.1 to disable this warning.
2018-07-13T17:11:10.021-0400 I CONTROL  [initandlisten] 
2018-07-13T17:11:10.039-0400 I FTDC     [initandlisten] Initializing full-time diagnostic data capture with directory '/home/nascherman/data/rs3/diagnostic.data'
2018-07-13T17:11:10.040-0400 I REPL     [initandlisten] Did not find local voted for document at startup.
2018-07-13T17:11:10.040-0400 I REPL     [initandlisten] Rollback ID is 1
2018-07-13T17:11:10.040-0400 I REPL     [initandlisten] Did not find local replica set configuration document at startup;  NoMatchingDocument: Did not find replica set configuration document in local.system.replset
2018-07-13T17:11:10.041-0400 I NETWORK  [initandlisten] waiting for connections on port 27019
2018-07-13T17:11:11.014-0400 I FTDC     [ftdc] Unclean full-time diagnostic data capture shutdown detected, found interim file, some metrics may have been lost. OK
2018-07-13T17:11:47.564-0400 I NETWORK  [listener] connection accepted from 127.0.0.1:33484 #1 (1 connection now open)
2018-07-13T17:11:47.564-0400 I NETWORK  [conn1] end connection 127.0.0.1:33484 (0 connections now open)
2018-07-13T17:11:47.565-0400 I NETWORK  [listener] connection accepted from 127.0.0.1:33488 #2 (1 connection now open)
2018-07-13T17:11:47.566-0400 I NETWORK  [conn2] received client metadata from 127.0.0.1:33488 conn2: { driver: { name: "NetworkInterfaceASIO-Replication", version: "3.6.5" }, os: { type: "Linux", name: "Ubuntu", architecture: "x86_64", version: "16.04" } }
2018-07-13T17:11:47.566-0400 I ASIO     [NetworkInterfaceASIO-Replication-0] Connecting to localhost:27018
2018-07-13T17:11:47.569-0400 I ASIO     [NetworkInterfaceASIO-Replication-0] Successfully connected to localhost:27018, took 3ms (1 connections now open to localhost:27018)
